#
# A fatal error has been detected by the Java Runtime Environment:
#
#  EXCEPTION_ACCESS_VIOLATION (0xc0000005) at pc=0x00007fffcf463093, pid=15936, tid=0x0000000000003fa8
#
# JRE version: Java(TM) SE Runtime Environment (8.0_112-b15) (build 1.8.0_112-b15)
# Java VM: Java HotSpot(TM) 64-Bit Server VM (25.112-b15 mixed mode windows-amd64 compressed oops)
# Problematic frame:
# C  [librdi_filemgmt.dll+0x1b3093]
#
# Failed to write core dump. Minidumps are not enabled by default on client versions of Windows
#
# If you would like to submit a bug report, please visit:
#   http://bugreport.java.com/bugreport/crash.jsp
# The crash happened outside the Java Virtual Machine in native code.
# See problematic frame for where to report the bug.
#

---------------  T H R E A D  ---------------

Current thread (0x0000024e2591c800):  JavaThread "AWT-EventQueue-1" [_thread_in_native, id=16296, stack(0x000000b750f00000,0x000000b751400000)]

siginfo: ExceptionCode=0xc0000005, reading address 0xffffffffffffffff

Registers:
RAX=0x0000024e06de0e00, RBX=0x0000024e256007d0, RCX=0x0000024e06de0e00, RDX=0x0000024e06de03e0
RSP=0x000000b7513fda90, RBP=0x0000000000000000, RSI=0x0000024e29614920, RDI=0x0000024e248e26a0
R8 =0x0000000000000014, R9 =0x0000000000000002, R10=0x0000024e29f56c20, R11=0x0000024e05e00020
R12=0x0000000000000000, R13=0x0000024e2869bbd0, R14=0x0000024e26e4cc80, R15=0x0000024e2591c800
RIP=0x00007fffcf463093, EFLAGS=0x0000000000010206

Top of Stack: (sp=0x000000b7513fda90)
0x000000b7513fda90:   0000024e00000000 0000024e256007d0
0x000000b7513fdaa0:   fffffffffffffffe 0000000000000000
0x000000b7513fdab0:   0000024e256007d0 00007fffcf47146f
0x000000b7513fdac0:   0000024e256007d0 0000024e29614920
0x000000b7513fdad0:   0000024e29f58510 0000024e29614920
0x000000b7513fdae0:   0000024e00000000 fffffffffffffffe
0x000000b7513fdaf0:   0000024e2869bbd0 00007fffcf60e77c
0x000000b7513fdb00:   0000000000000000 000000000a924080
0x000000b7513fdb10:   000074afcab0c4d0 0000024e248e1ac0
0x000000b7513fdb20:   0000024e248e26a0 00007fffcf40c143
0x000000b7513fdb30:   0000024e21ee1370 0000024e29f58510
0x000000b7513fdb40:   000000b7513fdc30 0000024e29614920
0x000000b7513fdb50:   fffffffffffffffe 0000000000000030
0x000000b7513fdb60:   000000b7513fde30 000000000a90306d
0x000000b7513fdb70:   0000000000000000 0000024e26e4cc80
0x000000b7513fdb80:   fffffffffffffffe 0000024e29f58510 

Instructions: (pc=0x00007fffcf463093)
0x00007fffcf463073:   83 ec 20 48 8b d9 48 8b 09 48 85 c9 74 36 33 d2
0x00007fffcf463083:   e8 48 94 00 00 48 85 c0 74 2a 48 8b 10 48 8b c8
0x00007fffcf463093:   ff 92 60 01 00 00 48 8b c8 e8 ff c7 ed ff 48 8b
0x00007fffcf4630a3:   13 84 c0 48 8b cb 41 0f 94 c0 48 83 c4 20 5b e9 


Register to memory mapping:

RAX=0x0000024e06de0e00 is an unknown value
RBX=0x0000024e256007d0 is an unknown value
RCX=0x0000024e06de0e00 is an unknown value
RDX=0x0000024e06de03e0 is an unknown value
RSP=0x000000b7513fda90 is pointing into the stack for thread: 0x0000024e2591c800
RBP=0x0000000000000000 is an unknown value
RSI=0x0000024e29614920 is an unknown value
RDI=0x0000024e248e26a0 is an unknown value
R8 =0x0000000000000014 is an unknown value
R9 =0x0000000000000002 is an unknown value
R10=0x0000024e29f56c20 is an unknown value
R11=0x0000024e05e00020 is an unknown value
R12=0x0000000000000000 is an unknown value
R13=0x0000024e2869bbd0 is an unknown value
R14=0x0000024e26e4cc80 is an unknown value
R15=0x0000024e2591c800 is a thread


Stack: [0x000000b750f00000,0x000000b751400000],  sp=0x000000b7513fda90,  free space=5110k
Native frames: (J=compiled Java code, j=interpreted, Vv=VM code, C=native code)

Java frames: (J=compiled Java code, j=interpreted, Vv=VM code)
j  ui.frmwork.designcmds.HTCDesignCommands_findAndSetTop(J)Z+0
j  ui.data.design.n.aqC()V+195
j  ui.views.p.X.b(I)V+125
j  ui.b.c.bs.w()V+229
j  ui.b.c.bB.finished()V+4
j  ui.frmwork.x.run()V+11
J 12409 C2 java.awt.event.InvocationEvent.dispatch()V (69 bytes) @ 0x0000024e0d540c9c [0x0000024e0d540c40+0x5c]
J 9838 C2 java.awt.EventQueue$3.run()Ljava/lang/Object; (5 bytes) @ 0x0000024e0cf4e234 [0x0000024e0cf4df80+0x2b4]
v  ~StubRoutines::call_stub
J 1588  java.security.AccessController.doPrivileged(Ljava/security/PrivilegedAction;Ljava/security/AccessControlContext;)Ljava/lang/Object; (0 bytes) @ 0x0000024e0b59b966 [0x0000024e0b59b900+0x66]
J 9836 C2 ui.frmwork.b.d.dispatchEvent(Ljava/awt/AWTEvent;)V (45 bytes) @ 0x0000024e0cf4c454 [0x0000024e0cf4bfe0+0x474]
J 14270 C2 java.awt.EventDispatchThread.pumpOneEventForFilters(I)V (295 bytes) @ 0x0000024e0d967b9c [0x0000024e0d966d60+0xe3c]
J 15601% C2 java.awt.EventDispatchThread.pumpEventsForFilter(ILjava/awt/Conditional;Ljava/awt/EventFilter;)V (47 bytes) @ 0x0000024e0cfa7d80 [0x0000024e0cfa7c80+0x100]
j  java.awt.EventDispatchThread.pumpEventsForHierarchy(ILjava/awt/Conditional;Ljava/awt/Component;)V+11
j  java.awt.EventDispatchThread.pumpEvents(ILjava/awt/Conditional;)V+4
j  java.awt.EventDispatchThread.pumpEvents(Ljava/awt/Conditional;)V+3
j  java.awt.EventDispatchThread.run()V+9
v  ~StubRoutines::call_stub

---------------  P R O C E S S  ---------------

Java Threads: ( => current thread )
  0x0000024e29615000 JavaThread "Thread-758" [_thread_in_native, id=19468, stack(0x000000b7b5400000,0x000000b7b5500000)]
  0x0000024e311aa000 JavaThread "Image Fetcher 3" daemon [_thread_blocked, id=20060, stack(0x000000b7b4a00000,0x000000b7b4f00000)]
  0x0000024e2c061800 JavaThread "SyntheticaAnimation 50" daemon [_thread_blocked, id=18584, stack(0x000000b7a3200000,0x000000b7a3700000)]
  0x0000024e24b09800 JavaThread "Swing-Shell" daemon [_thread_blocked, id=9436, stack(0x000000b75a600000,0x000000b75ab00000)]
  0x0000024e2b561800 JavaThread "Monitor File Timestamp Swing Worker" [_thread_blocked, id=16320, stack(0x000000b758d00000,0x000000b759200000)]
  0x0000024e2b562800 JavaThread "Timer-0" [_thread_blocked, id=16196, stack(0x000000b758800000,0x000000b758d00000)]
  0x0000024e29cf5800 JavaThread "SyntheticaAnimation 50" daemon [_thread_blocked, id=15664, stack(0x000000b757900000,0x000000b757e00000)]
  0x0000024e286a1800 JavaThread "Thread-21" [_thread_in_native, id=1616, stack(0x000000b756400000,0x000000b756500000)]
  0x0000024e06ee7800 JavaThread "Thread-20" [_thread_in_native, id=2516, stack(0x000000b756300000,0x000000b756400000)]
  0x0000024e27259000 JavaThread "hw_ila_monitor" [_thread_blocked, id=5896, stack(0x000000b755400000,0x000000b755900000)]
  0x0000024e26467800 JavaThread "Update Runs Swing Worker" [_thread_blocked, id=2032, stack(0x000000b754f00000,0x000000b755400000)]
  0x0000024e2936d800 JavaThread "Refresh Filesets Swing Worker" [_thread_blocked, id=11088, stack(0x000000b754a00000,0x000000b754f00000)]
  0x0000024e280fe000 JavaThread "SyntheticaAnimation 70" daemon [_thread_blocked, id=14812, stack(0x000000b754400000,0x000000b754900000)]
  0x0000024e280ff000 JavaThread "SyntheticaAnimation 25" daemon [_thread_blocked, id=15384, stack(0x000000b753a00000,0x000000b753f00000)]
  0x0000024e06ca7800 JavaThread "SyntheticaAnimation 50" daemon [_thread_blocked, id=16368, stack(0x000000b753500000,0x000000b753a00000)]
  0x0000024e24096800 JavaThread "Batik CleanerThread" daemon [_thread_blocked, id=16124, stack(0x000000b751e00000,0x000000b752300000)]
  0x0000024e25b5f800 JavaThread "SyntheticaCleanerThread" daemon [_thread_blocked, id=9392, stack(0x000000b751400000,0x000000b751900000)]
=>0x0000024e2591c800 JavaThread "AWT-EventQueue-1" [_thread_in_native, id=16296, stack(0x000000b750f00000,0x000000b751400000)]
  0x0000024e25912000 JavaThread "Process Messages" [_thread_blocked, id=16292, stack(0x000000b750a00000,0x000000b750f00000)]
  0x0000024e09a13800 JavaThread "Thread-3" [_thread_in_native, id=15968, stack(0x000000b74ad00000,0x000000b74c100000)]
  0x0000024e22a77800 JavaThread "AWT-Windows" daemon [_thread_in_native, id=16136, stack(0x000000b74fb00000,0x000000b750000000)]
  0x0000024e22ab0800 JavaThread "AWT-Shutdown" [_thread_blocked, id=15944, stack(0x000000b74f600000,0x000000b74fb00000)]
  0x0000024e22ab1800 JavaThread "Java2D Disposer" daemon [_thread_blocked, id=16140, stack(0x000000b74f100000,0x000000b74f600000)]
  0x0000024e22ad7800 JavaThread "TimerQueue" daemon [_thread_blocked, id=16264, stack(0x000000b74ec00000,0x000000b74f100000)]
  0x0000024e21f55800 JavaThread "Service Thread" daemon [_thread_blocked, id=15860, stack(0x000000b74e600000,0x000000b74eb00000)]
  0x0000024e09cf1000 JavaThread "C1 CompilerThread3" daemon [_thread_blocked, id=12392, stack(0x000000b74e500000,0x000000b74e600000)]
  0x0000024e09d61000 JavaThread "C2 CompilerThread2" daemon [_thread_blocked, id=15856, stack(0x000000b74e400000,0x000000b74e500000)]
  0x0000024e22000800 JavaThread "C2 CompilerThread1" daemon [_thread_blocked, id=15852, stack(0x000000b74e300000,0x000000b74e400000)]
  0x0000024e22001800 JavaThread "C2 CompilerThread0" daemon [_thread_blocked, id=16008, stack(0x000000b74e200000,0x000000b74e300000)]
  0x0000024e21f60800 JavaThread "Attach Listener" daemon [_thread_blocked, id=15964, stack(0x000000b74dd00000,0x000000b74e200000)]
  0x0000024e21f68800 JavaThread "Signal Dispatcher" daemon [_thread_blocked, id=16152, stack(0x000000b74d800000,0x000000b74dd00000)]
  0x0000024e21fdd000 JavaThread "Finalizer" daemon [_thread_blocked, id=14740, stack(0x000000b74d300000,0x000000b74d800000)]
  0x0000024e21fc1000 JavaThread "Reference Handler" daemon [_thread_blocked, id=16188, stack(0x000000b74ce00000,0x000000b74d300000)]
  0x0000024e0af84000 JavaThread "main" [_thread_blocked, id=16016, stack(0x000000b74c400000,0x000000b74c500000)]

Other Threads:
  0x0000024e09ce2000 VMThread [stack: 0x000000b74cd00000,0x000000b74ce00000] [id=16240]
  0x0000024e21f07800 WatcherThread [stack: 0x000000b74eb00000,0x000000b74ec00000] [id=15932]

VM state:not at safepoint (normal execution)

VM Mutex/Monitor currently owned by a thread: None

Heap:
 PSYoungGen      total 57344K, used 16523K [0x00000007bc400000, 0x00000007c0000000, 0x00000007c0000000)
  eden space 53248K, 26% used [0x00000007bc400000,0x00000007bd1e2f20,0x00000007bf800000)
  from space 4096K, 56% used [0x00000007bf800000,0x00000007bfa40000,0x00000007bfc00000)
  to   space 4096K, 0% used [0x00000007bfc00000,0x00000007bfc00000,0x00000007c0000000)
 ParOldGen       total 147456K, used 57367K [0x0000000700000000, 0x0000000709000000, 0x00000007bc400000)
  object space 147456K, 38% used [0x0000000700000000,0x0000000703805e60,0x0000000709000000)
 Metaspace       used 66007K, capacity 66558K, committed 67328K, reserved 1107968K
  class space    used 9045K, capacity 9169K, committed 9216K, reserved 1048576K

Card table byte_map: [0x0000024e1a3c0000,0x0000024e1a9d0000] byte_map_base: 0x0000024e16bc0000

Marking Bits: (ParMarkBitMap*) 0x000000006009a6d0
 Begin Bits: [0x0000024e1afc0000, 0x0000024e1dfc0000)
 End Bits:   [0x0000024e1dfc0000, 0x0000024e20fc0000)

Polling page: 0x0000024e06000000

CodeCache: size=245760Kb used=50525Kb max_used=50540Kb free=195234Kb
 bounds [0x0000024e0b000000, 0x0000024e0e1c0000, 0x0000024e1a000000]
 total_blobs=13484 nmethods=12616 adapters=773
 compilation: enabled

Compilation events (10 events):
Event: 2766.213 Thread 0x0000024e09cf1000 16794       1       ui.frmwork.d.f::apP (2 bytes)
Event: 2766.213 Thread 0x0000024e09cf1000 nmethod 16794 0x0000024e0dd7a650 code [0x0000024e0dd7a7a0, 0x0000024e0dd7a898]
Event: 2766.224 Thread 0x0000024e22001800 16795       4       java.util.AbstractList::equals (117 bytes)
Event: 2766.225 Thread 0x0000024e09cf1000 16796       1       ui.b.c.b.p::cLJ (5 bytes)
Event: 2766.225 Thread 0x0000024e09cf1000 nmethod 16796 0x0000024e0d913550 code [0x0000024e0d9136a0, 0x0000024e0d9137b8]
Event: 2766.226 Thread 0x0000024e22001800 nmethod 16795 0x0000024e0e1b0390 code [0x0000024e0e1b0500, 0x0000024e0e1b07d8]
Event: 2766.230 Thread 0x0000024e22000800 16797       4       java.awt.AWTEventMulticaster::add (9 bytes)
Event: 2766.231 Thread 0x0000024e22000800 nmethod 16797 0x0000024e0e181a90 code [0x0000024e0e181be0, 0x0000024e0e181d58]
Event: 2766.245 Thread 0x0000024e09d61000 16798       4       com.sun.org.apache.xml.internal.serialize.IndentPrinter::breakLine (6 bytes)
Event: 2766.255 Thread 0x0000024e09d61000 nmethod 16798 0x0000024e0e193690 code [0x0000024e0e193840, 0x0000024e0e1947a8]

GC Heap History (10 events):
Event: 2745.133 GC heap before
{Heap before GC invocations=172 (full 5):
 PSYoungGen      total 54784K, used 54758K [0x00000007bc400000, 0x00000007c0000000, 0x00000007c0000000)
  eden space 52224K, 100% used [0x00000007bc400000,0x00000007bf700000,0x00000007bf700000)
  from space 2560K, 99% used [0x00000007bfd80000,0x00000007bfff9a10,0x00000007c0000000)
  to   space 4608K, 0% used [0x00000007bf700000,0x00000007bf700000,0x00000007bfb80000)
 ParOldGen       total 147456K, used 57030K [0x0000000700000000, 0x0000000709000000, 0x00000007bc400000)
  object space 147456K, 38% used [0x0000000700000000,0x00000007037b1800,0x0000000709000000)
 Metaspace       used 65956K, capacity 66558K, committed 67328K, reserved 1107968K
  class space    used 9045K, capacity 9169K, committed 9216K, reserved 1048576K
Event: 2745.140 GC heap after
Heap after GC invocations=172 (full 5):
 PSYoungGen      total 56832K, used 2313K [0x00000007bc400000, 0x00000007c0000000, 0x00000007c0000000)
  eden space 52224K, 0% used [0x00000007bc400000,0x00000007bc400000,0x00000007bf700000)
  from space 4608K, 50% used [0x00000007bf700000,0x00000007bf9425b0,0x00000007bfb80000)
  to   space 4608K, 0% used [0x00000007bfb80000,0x00000007bfb80000,0x00000007c0000000)
 ParOldGen       total 147456K, used 57062K [0x0000000700000000, 0x0000000709000000, 0x00000007bc400000)
  object space 147456K, 38% used [0x0000000700000000,0x00000007037b9800,0x0000000709000000)
 Metaspace       used 65956K, capacity 66558K, committed 67328K, reserved 1107968K
  class space    used 9045K, capacity 9169K, committed 9216K, reserved 1048576K
}
Event: 2748.098 GC heap before
{Heap before GC invocations=173 (full 5):
 PSYoungGen      total 56832K, used 54537K [0x00000007bc400000, 0x00000007c0000000, 0x00000007c0000000)
  eden space 52224K, 100% used [0x00000007bc400000,0x00000007bf700000,0x00000007bf700000)
  from space 4608K, 50% used [0x00000007bf700000,0x00000007bf9425b0,0x00000007bfb80000)
  to   space 4608K, 0% used [0x00000007bfb80000,0x00000007bfb80000,0x00000007c0000000)
 ParOldGen       total 147456K, used 57062K [0x0000000700000000, 0x0000000709000000, 0x00000007bc400000)
  object space 147456K, 38% used [0x0000000700000000,0x00000007037b9800,0x0000000709000000)
 Metaspace       used 65966K, capacity 66558K, committed 67328K, reserved 1107968K
  class space    used 9045K, capacity 9169K, committed 9216K, reserved 1048576K
Event: 2748.102 GC heap after
Heap after GC invocations=173 (full 5):
 PSYoungGen      total 56832K, used 1961K [0x00000007bc400000, 0x00000007c0000000, 0x00000007c0000000)
  eden space 52224K, 0% used [0x00000007bc400000,0x00000007bc400000,0x00000007bf700000)
  from space 4608K, 42% used [0x00000007bfb80000,0x00000007bfd6a5b0,0x00000007c0000000)
  to   space 4608K, 0% used [0x00000007bf700000,0x00000007bf700000,0x00000007bfb80000)
 ParOldGen       total 147456K, used 57062K [0x0000000700000000, 0x0000000709000000, 0x00000007bc400000)
  object space 147456K, 38% used [0x0000000700000000,0x00000007037b9800,0x0000000709000000)
 Metaspace       used 65966K, capacity 66558K, committed 67328K, reserved 1107968K
  class space    used 9045K, capacity 9169K, committed 9216K, reserved 1048576K
}
Event: 2754.168 GC heap before
{Heap before GC invocations=174 (full 5):
 PSYoungGen      total 56832K, used 54185K [0x00000007bc400000, 0x00000007c0000000, 0x00000007c0000000)
  eden space 52224K, 100% used [0x00000007bc400000,0x00000007bf700000,0x00000007bf700000)
  from space 4608K, 42% used [0x00000007bfb80000,0x00000007bfd6a5b0,0x00000007c0000000)
  to   space 4608K, 0% used [0x00000007bf700000,0x00000007bf700000,0x00000007bfb80000)
 ParOldGen       total 147456K, used 57062K [0x0000000700000000, 0x0000000709000000, 0x00000007bc400000)
  object space 147456K, 38% used [0x0000000700000000,0x00000007037b9800,0x0000000709000000)
 Metaspace       used 65966K, capacity 66558K, committed 67328K, reserved 1107968K
  class space    used 9045K, capacity 9169K, committed 9216K, reserved 1048576K
Event: 2754.172 GC heap after
Heap after GC invocations=174 (full 5):
 PSYoungGen      total 56832K, used 2025K [0x00000007bc400000, 0x00000007c0000000, 0x00000007c0000000)
  eden space 52224K, 0% used [0x00000007bc400000,0x00000007bc400000,0x00000007bf700000)
  from space 4608K, 43% used [0x00000007bf700000,0x00000007bf8fa5b0,0x00000007bfb80000)
  to   space 4096K, 0% used [0x00000007bfc00000,0x00000007bfc00000,0x00000007c0000000)
 ParOldGen       total 147456K, used 57110K [0x0000000700000000, 0x0000000709000000, 0x00000007bc400000)
  object space 147456K, 38% used [0x0000000700000000,0x00000007037c5800,0x0000000709000000)
 Metaspace       used 65966K, capacity 66558K, committed 67328K, reserved 1107968K
  class space    used 9045K, capacity 9169K, committed 9216K, reserved 1048576K
}
Event: 2756.698 GC heap before
{Heap before GC invocations=175 (full 5):
 PSYoungGen      total 56832K, used 54249K [0x00000007bc400000, 0x00000007c0000000, 0x00000007c0000000)
  eden space 52224K, 100% used [0x00000007bc400000,0x00000007bf700000,0x00000007bf700000)
  from space 4608K, 43% used [0x00000007bf700000,0x00000007bf8fa5b0,0x00000007bfb80000)
  to   space 4096K, 0% used [0x00000007bfc00000,0x00000007bfc00000,0x00000007c0000000)
 ParOldGen       total 147456K, used 57110K [0x0000000700000000, 0x0000000709000000, 0x00000007bc400000)
  object space 147456K, 38% used [0x0000000700000000,0x00000007037c5800,0x0000000709000000)
 Metaspace       used 65981K, capacity 66558K, committed 67328K, reserved 1107968K
  class space    used 9045K, capacity 9169K, committed 9216K, reserved 1048576K
Event: 2756.702 GC heap after
Heap after GC invocations=175 (full 5):
 PSYoungGen      total 57344K, used 2080K [0x00000007bc400000, 0x00000007c0000000, 0x00000007c0000000)
  eden space 53248K, 0% used [0x00000007bc400000,0x00000007bc400000,0x00000007bf800000)
  from space 4096K, 50% used [0x00000007bfc00000,0x00000007bfe08000,0x00000007c0000000)
  to   space 4096K, 0% used [0x00000007bf800000,0x00000007bf800000,0x00000007bfc00000)
 ParOldGen       total 147456K, used 57280K [0x0000000700000000, 0x0000000709000000, 0x00000007bc400000)
  object space 147456K, 38% used [0x0000000700000000,0x00000007037f0340,0x0000000709000000)
 Metaspace       used 65981K, capacity 66558K, committed 67328K, reserved 1107968K
  class space    used 9045K, capacity 9169K, committed 9216K, reserved 1048576K
}
Event: 2766.158 GC heap before
{Heap before GC invocations=176 (full 5):
 PSYoungGen      total 57344K, used 55328K [0x00000007bc400000, 0x00000007c0000000, 0x00000007c0000000)
  eden space 53248K, 100% used [0x00000007bc400000,0x00000007bf800000,0x00000007bf800000)
  from space 4096K, 50% used [0x00000007bfc00000,0x00000007bfe08000,0x00000007c0000000)
  to   space 4096K, 0% used [0x00000007bf800000,0x00000007bf800000,0x00000007bfc00000)
 ParOldGen       total 147456K, used 57280K [0x0000000700000000, 0x0000000709000000, 0x00000007bc400000)
  object space 147456K, 38% used [0x0000000700000000,0x00000007037f0340,0x0000000709000000)
 Metaspace       used 66007K, capacity 66558K, committed 67328K, reserved 1107968K
  class space    used 9045K, capacity 9169K, committed 9216K, reserved 1048576K
Event: 2766.162 GC heap after
Heap after GC invocations=176 (full 5):
 PSYoungGen      total 57344K, used 2304K [0x00000007bc400000, 0x00000007c0000000, 0x00000007c0000000)
  eden space 53248K, 0% used [0x00000007bc400000,0x00000007bc400000,0x00000007bf800000)
  from space 4096K, 56% used [0x00000007bf800000,0x00000007bfa40000,0x00000007bfc00000)
  to   space 4096K, 0% used [0x00000007bfc00000,0x00000007bfc00000,0x00000007c0000000)
 ParOldGen       total 147456K, used 57367K [0x0000000700000000, 0x0000000709000000, 0x00000007bc400000)
  object space 147456K, 38% used [0x0000000700000000,0x0000000703805e60,0x0000000709000000)
 Metaspace       used 66007K, capacity 66558K, committed 67328K, reserved 1107968K
  class space    used 9045K, capacity 9169K, committed 9216K, reserved 1048576K
}

Deoptimization events (10 events):
Event: 2744.893 Thread 0x0000024e2591c800 Uncommon trap: reason=class_check action=maybe_recompile pc=0x0000024e0d2111f4 method=com.jidesoft.list.FilterableListModel.filter()V @ 14
Event: 2744.896 Thread 0x0000024e2591c800 Uncommon trap: reason=bimorphic action=maybe_recompile pc=0x0000024e0dce0384 method=com.jidesoft.swing.DefaultOverlayable.setOverlayVisible(Z)V @ 30
Event: 2747.902 Thread 0x0000024e2591c800 Uncommon trap: reason=unstable_if action=reinterpret pc=0x0000024e0d0661ec method=ui.views.Q.b.e.IB(I)Z @ 5
Event: 2747.902 Thread 0x0000024e2591c800 Uncommon trap: reason=unstable_if action=reinterpret pc=0x0000024e0c1a1120 method=ui.views.Q.b.e.IB(I)Z @ 5
Event: 2756.704 Thread 0x0000024e2591c800 Uncommon trap: reason=null_check action=make_not_entrant pc=0x0000024e0d90d104 method=java.awt.Component.requestFocusHelper(ZZLsun/awt/CausedFocusEvent$Cause;)Z @ 7
Event: 2756.706 Thread 0x0000024e2591c800 Uncommon trap: reason=unstable_if action=reinterpret pc=0x0000024e0c64c2f4 method=javax.swing.text.FieldView.adjustAllocation(Ljava/awt/Shape;)Ljava/awt/Shape; @ 134
Event: 2757.457 Thread 0x0000024e2591c800 Uncommon trap: reason=unstable_if action=reinterpret pc=0x0000024e0c79f520 method=ui.utils.aG.g(Ljava/lang/String;C)Ljava/lang/String; @ 15
Event: 2758.530 Thread 0x0000024e2591c800 Uncommon trap: reason=bimorphic action=maybe_recompile pc=0x0000024e0d2eb1fc method=java.awt.Component.updateGraphicsData(Ljava/awt/GraphicsConfiguration;)Z @ 30
Event: 2759.446 Thread 0x0000024e2591c800 Uncommon trap: reason=unstable_if action=reinterpret pc=0x0000024e0d0a86a4 method=java.awt.DefaultKeyboardFocusManager.discardKeyEvents(Ljava/awt/Component;)V @ 50
Event: 2759.582 Thread 0x0000024e2591c800 Uncommon trap: reason=bimorphic action=maybe_recompile pc=0x0000024e0d8bdc10 method=java.util.HashMap.removeNode(ILjava/lang/Object;Ljava/lang/Object;ZZ)Ljava/util/HashMap$Node; @ 68

Internal exceptions (10 events):
Event: 2751.951 Thread 0x0000024e2591c800 Exception <a 'java/io/FileNotFoundException'> (0x00000007be9bd838) thrown at [C:\re\workspace\8-2-build-windows-amd64-cygwin\jdk8u112\7884\hotspot\src\share\vm\prims\jni.cpp, line 709]
Event: 2751.993 Thread 0x0000024e2591c800 Exception <a 'java/io/FileNotFoundException'> (0x00000007be9db1f0) thrown at [C:\re\workspace\8-2-build-windows-amd64-cygwin\jdk8u112\7884\hotspot\src\share\vm\prims\jni.cpp, line 709]
Event: 2756.704 Thread 0x0000024e2591c800 Implicit null exception at 0x0000024e0d909cf1 to 0x0000024e0d90d0d1
Event: 2756.888 Thread 0x0000024e2591c800 Exception <a 'java/io/FileNotFoundException'> (0x00000007bc6d76b8) thrown at [C:\re\workspace\8-2-build-windows-amd64-cygwin\jdk8u112\7884\hotspot\src\share\vm\prims\jni.cpp, line 709]
Event: 2756.952 Thread 0x0000024e2591c800 Exception <a 'java/io/FileNotFoundException'> (0x00000007bc6d8fb0) thrown at [C:\re\workspace\8-2-build-windows-amd64-cygwin\jdk8u112\7884\hotspot\src\share\vm\prims\jni.cpp, line 709]
Event: 2756.993 Thread 0x0000024e2591c800 Exception <a 'java/io/FileNotFoundException'> (0x00000007bc6da990) thrown at [C:\re\workspace\8-2-build-windows-amd64-cygwin\jdk8u112\7884\hotspot\src\share\vm\prims\jni.cpp, line 709]
Event: 2761.888 Thread 0x0000024e2591c800 Exception <a 'java/io/FileNotFoundException'> (0x00000007bee27d28) thrown at [C:\re\workspace\8-2-build-windows-amd64-cygwin\jdk8u112\7884\hotspot\src\share\vm\prims\jni.cpp, line 709]
Event: 2761.953 Thread 0x0000024e2591c800 Exception <a 'java/io/FileNotFoundException'> (0x00000007bee29740) thrown at [C:\re\workspace\8-2-build-windows-amd64-cygwin\jdk8u112\7884\hotspot\src\share\vm\prims\jni.cpp, line 709]
Event: 2761.995 Thread 0x0000024e2591c800 Exception <a 'java/io/FileNotFoundException'> (0x00000007bee2b120) thrown at [C:\re\workspace\8-2-build-windows-amd64-cygwin\jdk8u112\7884\hotspot\src\share\vm\prims\jni.cpp, line 709]
Event: 2766.243 Thread 0x0000024e311aa000 Exception <a 'java/lang/InterruptedException': sleep interrupted> (0x00000007bc4fcb38) thrown at [C:\re\workspace\8-2-build-windows-amd64-cygwin\jdk8u112\7884\hotspot\src\share\vm\prims\jvm.cpp, line 3180]

Events (10 events):
Event: 2766.212 Executing VM operation: RevokeBias
Event: 2766.212 Executing VM operation: RevokeBias done
Event: 2766.230 Executing VM operation: RevokeBias
Event: 2766.230 Executing VM operation: RevokeBias done
Event: 2766.230 Thread 0x0000024e2348f800 Thread exited: 0x0000024e2348f800
Event: 2766.231 Thread 0x0000024e22000800 flushing nmethod 0x0000024e0b95b3d0
Event: 2766.242 Executing VM operation: RevokeBias
Event: 2766.242 Executing VM operation: RevokeBias done
Event: 2766.243 Executing VM operation: RevokeBias
Event: 2766.243 Executing VM operation: RevokeBias done


Dynamic libraries:
0x00007ff6a2bb0000 - 0x00007ff6a2be2000 	C:\Xilinx\Vivado\2017.3\bin\unwrapped\win64.o\vivado.exe
0x00007ff8204e0000 - 0x00007ff8206bb000 	C:\windows\SYSTEM32\ntdll.dll
0x00007ff81f490000 - 0x00007ff81f53e000 	C:\windows\System32\KERNEL32.DLL
0x00007ff81d560000 - 0x00007ff81d7a9000 	C:\windows\System32\KERNELBASE.dll
0x00007ff81d460000 - 0x00007ff81d556000 	C:\windows\System32\ucrtbase.dll
0x000000000a900000 - 0x000000000a983000 	C:\Xilinx\Vivado\2017.3\lib\win64.o\SHSMP64.dll
0x00007ff808cc0000 - 0x00007ff808cd4000 	C:\Xilinx\Vivado\2017.3\lib\win64.o\libboost_signals.dll
0x00007fffedfe0000 - 0x00007fffeec83000 	C:\Xilinx\Vivado\2017.3\lib\win64.o\librdi_common.dll
0x00007ff81fbf0000 - 0x00007ff81fd3a000 	C:\windows\System32\USER32.dll
0x00007ff80a600000 - 0x00007ff80a614000 	C:\Xilinx\Vivado\2017.3\lib\win64.o\librdi_commonmain.dll
0x00007ff81cc30000 - 0x00007ff81cc4e000 	C:\windows\System32\win32u.dll
0x00007ff81eff0000 - 0x00007ff81f017000 	C:\windows\System32\GDI32.dll
0x00007ff805c70000 - 0x00007ff805d0f000 	C:\windows\SYSTEM32\MSVCP140.dll
0x00007ff81ca00000 - 0x00007ff81cb87000 	C:\windows\System32\gdi32full.dll
0x00007ff81fdf0000 - 0x00007ff81fe91000 	C:\windows\System32\ADVAPI32.dll
0x00007ff81cb90000 - 0x00007ff81cc2a000 	C:\windows\System32\msvcp_win.dll
0x00007ff80a640000 - 0x00007ff80a656000 	C:\windows\SYSTEM32\VCRUNTIME140.dll
0x00007ff81fd50000 - 0x00007ff81fded000 	C:\windows\System32\msvcrt.dll
0x00007ff820480000 - 0x00007ff8204d9000 	C:\windows\System32\sechost.dll
0x00007ff820350000 - 0x00007ff820475000 	C:\windows\System32\RPCRT4.dll
0x00007ff81dbb0000 - 0x00007ff81efe7000 	C:\windows\System32\SHELL32.dll
0x00007ff81d9f0000 - 0x00007ff81da39000 	C:\windows\System32\cfgmgr32.dll
0x00007ff81fb40000 - 0x00007ff81fbea000 	C:\windows\System32\shcore.dll
0x00007ff81f5c0000 - 0x00007ff81f8b9000 	C:\windows\System32\combase.dll
0x00007ff81d980000 - 0x00007ff81d9ea000 	C:\windows\System32\bcryptPrimitives.dll
0x00007ff81ccb0000 - 0x00007ff81d3a1000 	C:\windows\System32\windows.storage.dll
0x00007ff81feb0000 - 0x00007ff81ff01000 	C:\windows\System32\shlwapi.dll
0x00007ff81c9e0000 - 0x00007ff81c9f1000 	C:\windows\System32\kernel.appcore.dll
0x00007ff81c990000 - 0x00007ff81c9dc000 	C:\windows\System32\powrprof.dll
0x00007ff81c970000 - 0x00007ff81c985000 	C:\windows\System32\profapi.dll
0x00007ff808c40000 - 0x00007ff808c66000 	C:\Xilinx\Vivado\2017.3\lib\win64.o\libboost_filesystem.dll
0x00007fffecbc0000 - 0x00007fffecf2e000 	C:\Xilinx\Vivado\2017.3\lib\win64.o\libCOIN-all.dll
0x00007ffff0b90000 - 0x00007ffff0e45000 	C:\Xilinx\Vivado\2017.3\lib\win64.o\libXil_lmgr11.dll
0x00007ff81daa0000 - 0x00007ff81dba8000 	C:\windows\System32\COMDLG32.dll
0x00007ff81fa80000 - 0x00007ff81fb40000 	C:\windows\System32\OLEAUT32.dll
0x00007ff81f100000 - 0x00007ff81f245000 	C:\windows\System32\ole32.dll
0x00007ff81f420000 - 0x00007ff81f48c000 	C:\windows\System32\WS2_32.dll
0x00007ff81cc50000 - 0x00007ff81cca7000 	C:\windows\System32\WINTRUST.dll
0x00007ff81c950000 - 0x00007ff81c961000 	C:\windows\System32\MSASN1.dll
0x00007ff81d7b0000 - 0x00007ff81d979000 	C:\windows\System32\CRYPT32.dll
0x00007ff802200000 - 0x00007ff8022fe000 	C:\Xilinx\Vivado\2017.3\lib\win64.o\librdi_commonxillic.dll
0x0000000060120000 - 0x000000006024b000 	C:\Xilinx\Vivado\2017.3\lib\win64.o\tcl85t.dll
0x00007ff8191b0000 - 0x00007ff8191ba000 	C:\Xilinx\Vivado\2017.3\lib\win64.o\librdi_commonversion.dll
0x00007ff805f40000 - 0x00007ff805f54000 	C:\Xilinx\Vivado\2017.3\lib\win64.o\libboost_date_time.dll
0x00007ff805bf0000 - 0x00007ff805c6f000 	C:\Xilinx\Vivado\2017.3\lib\win64.o\libboost_program_options.dll
0x00007ff8020e0000 - 0x00007ff8021f4000 	C:\Xilinx\Vivado\2017.3\lib\win64.o\libboost_regex.dll
0x00007ff808060000 - 0x00007ff80806b000 	C:\Xilinx\Vivado\2017.3\lib\win64.o\libboost_system.dll
0x00007ff805f10000 - 0x00007ff805f31000 	C:\Xilinx\Vivado\2017.3\lib\win64.o\libboost_thread.dll
0x00007ff808050000 - 0x00007ff80805f000 	C:\Xilinx\Vivado\2017.3\lib\win64.o\libboost_xilinx.dll
0x00007ff8043d0000 - 0x00007ff804452000 	C:\Xilinx\Vivado\2017.3\lib\win64.o\libhdlpsolve.dll
0x00007fffec5a0000 - 0x00007fffecbbe800 	C:\Xilinx\Vivado\2017.3\lib\win64.o\libisl_iostreams.dll
0x00007ff805bc0000 - 0x00007ff805bee000 	C:\Xilinx\Vivado\2017.3\lib\win64.o\libisl_sysinfo.dll
0x00007ff802030000 - 0x00007ff8020d5000 	C:\Xilinx\Vivado\2017.3\lib\win64.o\libhdxml.dll
0x000000005f880000 - 0x000000006011a000 	C:\Xilinx\Vivado\2017.3\tps\win64\jre\bin\server\jvm.dll
0x00007ff81fd40000 - 0x00007ff81fd48000 	C:\windows\System32\PSAPI.DLL
0x00007ff802e00000 - 0x00007ff802e65000 	C:\Xilinx\Vivado\2017.3\lib\win64.o\liblmx6.0.dll
0x00007ff805ef0000 - 0x00007ff805f05000 	C:\Xilinx\Vivado\2017.3\lib\win64.o\pthreadVC2.dll
0x00007ffff0a30000 - 0x00007ffff0b81000 	C:\Xilinx\Vivado\2017.3\lib\win64.o\librdi_curl.dll
0x00007ff8184c0000 - 0x00007ff8184ca000 	C:\windows\SYSTEM32\VERSION.dll
0x00007ff80afe0000 - 0x00007ff80b30e000 	C:\windows\SYSTEM32\WININET.dll
0x00007ff818bc0000 - 0x00007ff818c96000 	C:\windows\SYSTEM32\WINHTTP.dll
0x00007ff805ba0000 - 0x00007ff805bbc000 	C:\Xilinx\Vivado\2017.3\lib\win64.o\librdiconfig.dll
0x0000000012000000 - 0x0000000012272000 	C:\Xilinx\Vivado\2017.3\lib\win64.o\xerces-c_3_1.dll
0x00007ff8050f0000 - 0x00007ff805111000 	C:\Xilinx\Vivado\2017.3\lib\win64.o\librdizlib.dll
0x00007ff811260000 - 0x00007ff811427000 	C:\windows\SYSTEM32\urlmon.dll
0x00007ff815160000 - 0x00007ff815169000 	C:\windows\SYSTEM32\WSOCK32.dll
0x00007ff8013c0000 - 0x00007ff8013e8000 	C:\windows\SYSTEM32\VCOMP140.DLL
0x00007ff816ee0000 - 0x00007ff816f86000 	C:\windows\WinSxS\amd64_microsoft.windows.common-controls_6595b64144ccf1df_5.82.15063.413_none_0e0f5dcc67adff4e\COMCTL32.dll
0x00007ff814280000 - 0x00007ff814297000 	C:\windows\SYSTEM32\NETAPI32.dll
0x00007ff818770000 - 0x00007ff81878a000 	C:\windows\SYSTEM32\dhcpcsvc.DLL
0x00007ff81fea0000 - 0x00007ff81fea8000 	C:\windows\System32\NSI.dll
0x00007fffe8f10000 - 0x00007fffe9da1000 	C:\Xilinx\Vivado\2017.3\lib\win64.o\gurobi65.dll
0x00007ff81afa0000 - 0x00007ff81afc3000 	C:\windows\SYSTEM32\WINMM.dll
0x000000005f7a0000 - 0x000000005f872000 	C:\windows\SYSTEM32\MSVCR100.dll
0x00007ff806390000 - 0x00007ff80639d000 	C:\Xilinx\Vivado\2017.3\lib\win64.o\libboost_chrono.dll
0x00007ff805b80000 - 0x00007ff805b9b000 	C:\Xilinx\Vivado\2017.3\lib\win64.o\libboost_iostreams.dll
0x00007ff801390000 - 0x00007ff8013b5000 	C:\Xilinx\Vivado\2017.3\lib\win64.o\libisl_iosutils.dll
0x00007ff8104c0000 - 0x00007ff81074a000 	C:\windows\SYSTEM32\iertutil.dll
0x00007ff81af40000 - 0x00007ff81af6b000 	C:\windows\SYSTEM32\WINMMBASE.dll
0x00007ffff0950000 - 0x00007ffff0a24000 	C:\Xilinx\Vivado\2017.3\lib\win64.o\MSVCR110.dll
0x00007ff81c3a0000 - 0x00007ff81c3ab000 	C:\windows\SYSTEM32\CRYPTBASE.DLL
0x00007ff81f0d0000 - 0x00007ff81f0fd000 	C:\windows\System32\IMM32.DLL
0x00007fffeab40000 - 0x00007fffeafca000 	C:\Xilinx\Vivado\2017.3\lib\win64.o\librdi_commontasks.dll
0x00007fffea670000 - 0x00007fffea8af000 	C:\Xilinx\Vivado\2017.3\lib\win64.o\librdi_sio.dll
0x00007ff81bfa0000 - 0x00007ff81bfd7000 	C:\windows\SYSTEM32\IPHLPAPI.DLL
0x00007fffe5ba0000 - 0x00007fffe7c6c000 	C:\Xilinx\Vivado\2017.3\lib\win64.o\librdi_tcltasks.dll
0x00007fffe84b0000 - 0x00007fffe86f4000 	C:\Xilinx\Vivado\2017.3\lib\win64.o\librdi_chipscope.dll
0x00007ffff0630000 - 0x00007ffff07a7000 	C:\Xilinx\Vivado\2017.3\lib\win64.o\librdi_board.dll
0x00007ff800ab0000 - 0x00007ff800b1a000 	C:\Xilinx\Vivado\2017.3\lib\win64.o\librdi_boarddep.dll
0x00007fffe8ba0000 - 0x00007fffe8f04000 	C:\Xilinx\Vivado\2017.3\lib\win64.o\librdi_bitstream.dll
0x00007fffe4490000 - 0x00007fffe5b94000 	C:\Xilinx\Vivado\2017.3\lib\win64.o\librdi_constraints.dll
0x00007fffd4390000 - 0x00007fffd7ef3000 	C:\Xilinx\Vivado\2017.3\lib\win64.o\librdi_designutils.dll
0x00007fffeff80000 - 0x00007ffff0097000 	C:\Xilinx\Vivado\2017.3\lib\win64.o\librdi_containers.dll
0x00007fffd13c0000 - 0x00007fffd438f000 	C:\Xilinx\Vivado\2017.3\lib\win64.o\librdi_coregen.dll
0x00007fffd7f00000 - 0x00007fffe4485000 	C:\Xilinx\Vivado\2017.3\lib\win64.o\librdi_device.dll
0x00007fffefe30000 - 0x00007fffefefe000 	C:\Xilinx\Vivado\2017.3\lib\win64.o\librdi_dsp.dll
0x00007fffd0c90000 - 0x00007fffd13b5000 	C:\Xilinx\Vivado\2017.3\lib\win64.o\librdi_drc.dll
0x00007fffe8230000 - 0x00007fffe84a5000 	C:\Xilinx\Vivado\2017.3\lib\win64.o\librdi_dlyest.dll
0x00007fffcf2b0000 - 0x00007fffcf852000 	C:\Xilinx\Vivado\2017.3\lib\win64.o\librdi_filemgmt.dll
0x00007fffef430000 - 0x00007fffef488000 	C:\Xilinx\Vivado\2017.3\lib\win64.o\librdi_hdf.dll
0x00007fffe7fb0000 - 0x00007fffe822a000 	C:\Xilinx\Vivado\2017.3\lib\win64.o\librdi_guitools.dll
0x00007fffcf860000 - 0x00007fffd068f000 	C:\Xilinx\Vivado\2017.3\lib\win64.o\librdi_implflow.dll
0x00007fffcbe10000 - 0x00007fffcf2a1000 	C:\Xilinx\Vivado\2017.3\lib\win64.o\librdi_mig.dll
0x00007fffd0690000 - 0x00007fffd0c87000 	C:\Xilinx\Vivado\2017.3\lib\win64.o\librdi_memdata.dll
0x00007ff800e50000 - 0x00007ff800e97000 	C:\Xilinx\Vivado\2017.3\lib\win64.o\librdi_pfi.dll
0x00007fffcb970000 - 0x00007fffcbe04000 	C:\Xilinx\Vivado\2017.3\lib\win64.o\librdi_netlist.dll
0x00007fffc7b20000 - 0x00007fffc9bb6000 	C:\Xilinx\Vivado\2017.3\lib\win64.o\librdi_place.dll
0x00007fffe7da0000 - 0x00007fffe7fac000 	C:\Xilinx\Vivado\2017.3\lib\win64.o\librdi_platform.dll
0x00007fffc9f90000 - 0x00007fffca4d9000 	C:\Xilinx\Vivado\2017.3\lib\win64.o\librdi_project.dll
0x00007fffcb2e0000 - 0x00007fffcb96d000 	C:\Xilinx\Vivado\2017.3\lib\win64.o\librdi_power.dll
0x00007fffcab50000 - 0x00007fffcb2d6000 	C:\Xilinx\Vivado\2017.3\lib\win64.o\librdi_rsb.dll
0x00007fffc9bc0000 - 0x00007fffc9f90000 	C:\Xilinx\Vivado\2017.3\lib\win64.o\librdi_runs.dll
0x00007fffca4e0000 - 0x00007fffcab4d000 	C:\Xilinx\Vivado\2017.3\lib\win64.o\librdi_psta.dll
0x00007fffedf00000 - 0x00007fffedfd7000 	C:\Xilinx\Vivado\2017.3\lib\win64.o\librdi_runsbase.dll
0x00007fffea190000 - 0x00007fffea347000 	C:\Xilinx\Vivado\2017.3\lib\win64.o\librdi_simdata.dll
0x00007fffc6ea0000 - 0x00007fffc7b20000 	C:\Xilinx\Vivado\2017.3\lib\win64.o\librdi_timing.dll
0x00007ff800c60000 - 0x00007ff800cac000 	C:\Xilinx\Vivado\2017.3\lib\win64.o\libboost_serialization.dll
0x00007fffef3c0000 - 0x00007fffef42b000 	C:\Xilinx\Vivado\2017.3\lib\win64.o\librdi_hip_devdesign.dll
0x00007ff800a60000 - 0x00007ff800aa2000 	C:\Xilinx\Vivado\2017.3\lib\win64.o\librdi_ipconfig_readwrite.dll
0x00007ff800610000 - 0x00007ff80063f000 	C:\Xilinx\Vivado\2017.3\lib\win64.o\librdi_noc_frameworks.dll
0x00007fffc6950000 - 0x00007fffc6e9e000 	C:\Xilinx\Vivado\2017.3\lib\win64.o\librdi_xdm.dll
0x00007fffc4d30000 - 0x00007fffc5405000 	C:\Xilinx\Vivado\2017.3\lib\win64.o\librdi_coregenipxact.dll
0x00007fffc5650000 - 0x00007fffc6103000 	C:\Xilinx\Vivado\2017.3\lib\win64.o\libverific.dll
0x00007fffc62e0000 - 0x00007fffc648b000 	C:\Xilinx\Vivado\2017.3\lib\win64.o\librdi_nocdb.dll
0x00007fffc6110000 - 0x00007fffc62d7000 	C:\Xilinx\Vivado\2017.3\lib\win64.o\librdi_noctools.dll
0x00007fffefd70000 - 0x00007fffefdb6000 	C:\Xilinx\Vivado\2017.3\lib\win64.o\librdi_wavedata_SimpleApi.dll
0x00007fffc6490000 - 0x00007fffc6950000 	C:\Xilinx\Vivado\2017.3\lib\win64.o\librdi_wavedata.dll
0x00007fffec500000 - 0x00007fffec59e000 	C:\Xilinx\Vivado\2017.3\lib\win64.o\libise.dll

VM Arguments:
jvm_args: -Dsun.java2d.pmoffscreen=false -Dsun.java2d.d3d=false -Dsun.awt.nopixfmt=true -Xverify:none -Dswing.aatext=true -XX:-UsePerfData -Djdk.map.althashing.threshold=512 -XX:StringTableSize=4072 -XX:NewSize=60m -XX:MaxNewSize=60m -Xms128m -Xmx3072m -Xss5m 
java_command: <unknown>
java_class_path (initial): C:/Xilinx/Vivado/2017.3\lib\classes\alloy.jar;C:/Xilinx/Vivado/2017.3\lib\classes\autopilot.scelaborator.jar;C:/Xilinx/Vivado/2017.3\lib\classes\autopilot.sourceprocessor.jar;C:/Xilinx/Vivado/2017.3\lib\classes\autopilot.tbprocessor.jar;C:/Xilinx/Vivado/2017.3\lib\classes\batik-anim.jar;C:/Xilinx/Vivado/2017.3\lib\classes\batik-awt-util.jar;C:/Xilinx/Vivado/2017.3\lib\classes\batik-bridge.jar;C:/Xilinx/Vivado/2017.3\lib\classes\batik-codec.jar;C:/Xilinx/Vivado/2017.3\lib\classes\batik-css.jar;C:/Xilinx/Vivado/2017.3\lib\classes\batik-dom.jar;C:/Xilinx/Vivado/2017.3\lib\classes\batik-ext.jar;C:/Xilinx/Vivado/2017.3\lib\classes\batik-gui-util.jar;C:/Xilinx/Vivado/2017.3\lib\classes\batik-gvt.jar;C:/Xilinx/Vivado/2017.3\lib\classes\batik-parser.jar;C:/Xilinx/Vivado/2017.3\lib\classes\batik-script.jar;C:/Xilinx/Vivado/2017.3\lib\classes\batik-svg-dom.jar;C:/Xilinx/Vivado/2017.3\lib\classes\batik-swing.jar;C:/Xilinx/Vivado/2017.3\lib\classes\batik-transcoder.jar;C:/Xilinx/Vivado/2017.3\lib\classes\batik-util.jar;C:/Xilinx/Vivado/2017.3\lib\classes\batik-xml.jar;C:/Xilinx/Vivado/2017.3\lib\classes\com.ibm.icu_4.4.2.v20110208.jar;C:/Xilinx/Vivado/2017.3\lib\classes\commons-math-2.2.jar;C:/Xilinx/Vivado/2017.3\lib\classes\dom4j-1.6.1.jar;C:/Xilinx/Vivado/2017.3\lib\classes\forms.jar;C:/Xilinx/Vivado/2017.3\lib\classes\guava-18.0.jar;C:/Xilinx/Vivado/2017.3\lib\classes\help.jar;C:/Xilinx/Vivado/2017.3\lib\classes\hsqldb.jar;C:/Xilinx/Vivado/2017.3\lib\classes\jargs.jar;C:/Xilinx/Vivado/2017.3\lib\classes\jh.jar;C:/Xilinx/Vivado/2017.3\lib\classes\jide-action.jar;C:/Xilinx/Vivado/2017.3\lib\classes\jide-charts.jar;C:/Xilinx/Vivado/2017.3\lib\classes\jide-common.jar;C:/Xilinx/Vivado/2017.3\lib\classes\jide-components.jar;C:/Xilinx/Vivado/2017.3\lib\classes\jide-dashboard.jar;C:/Xilinx/Vivado/2017.3\lib\classes\jide-data.jar;C:/Xilinx/Vivado/2017.3\lib\classes\jide-dialogs.jar;C:/Xilinx/Vivado/2017.3\lib\classes\jide-diff.jar;C:/Xilinx/Vivado/2017.3
Launcher Type: generic

Environment Variables:
PATH=C:/Xilinx/Vivado/2017.3/bin;C:/Xilinx/Vivado/2017.3/lib/win64.o;C:/Xilinx/Vivado/2017.3/tps/win64/jre/bin/server;C:/Xilinx/Vivado/2017.3/tps/win64/jre/bin;C:/Xilinx/SDK/2017.3/bin;C:/Xilinx/Vivado/2017.3/ids_lite/ISE/bin/nt64;C:/Xilinx/Vivado/2017.3/ids_lite/ISE/lib/nt64;C:\Program Files\Microsoft MPI\Bin\;C:\Program Files\NVIDIA GPU Computing Toolkit\CUDA\v9.0\bin;C:\Program Files\NVIDIA GPU Computing Toolkit\CUDA\v9.0\libnvvp;C:\OCaml\bin;C:\Anaconda3;C:\Anaconda3\Library\mingw-w64\bin;C:\Anaconda3\Library\usr\bin;C:\Anaconda3\Library\bin;C:\Anaconda3\Scripts;C:\ProgramData\Oracle\Java\javapath;C:\windows\system32;C:\windows;C:\windows\System32\Wbem;C:\windows\System32\WindowsPowerShell\v1.0\;C:\windows\CCM;C:\Program Files\MiKTeX 2.9\miktex\bin\x64\;C:\Program Files (x86)\Wolfram Research\WolframScript\;C:\Program Files\CMake\bin;C:\Program Files\Git\cmd;C:\Program Files\jEdit;C:\Program Files\MySQL\MySQL Utilities 1.6\;C:\Program Files\nodejs\;C:\Program Files\Rust stable GNU 1.22\bin;C:\Program Files\TortoiseSVN\bin;C:\Program Files\Haskell\bin;C:\Program Files\Haskell Platform\8.2.1\lib\extralibs\bin;C:\Program Files\Haskell Platform\8.2.1\bin\;C:\Program Files\Haskell Platform\8.2.1\mingw\bin;C:\Program Files (x86)\Skype\Phone\;C:\Program Files\MATLAB\R2017b\runtime\win64;C:\Program Files\MATLAB\R2017b\bin;C:\Program Files (x86)\NVIDIA Corporation\PhysX\Common;C:\Program Files\Microsoft SQL Server\130\Tools\Binn\;C:\Program Files\dotnet\;C:\Program Files (x86)\GtkSharp\2.12\bin;C:\Users\dforsythe\AppData\Local\Microsoft\WindowsApps;;C:/Xilinx/Vivado/2017.3\tps\mingw\6.2.0\win64.o\nt\bin;C:/Xilinx/Vivado/2017.3\tps\mingw\6.2.0\win64.o\nt\libexec\gcc\x86_64-w64-mingw32\6.2.0
USERNAME=dforsythe
OS=Windows_NT
PROCESSOR_IDENTIFIER=Intel64 Family 6 Model 94 Stepping 3, GenuineIntel



---------------  S Y S T E M  ---------------

OS: Windows 10.0 , 64 bit Build 15063 (10.0.15063.1029)

CPU:total 8 (4 cores per cpu, 2 threads per core) family 6 model 94 stepping 3, cmov, cx8, fxsr, mmx, sse, sse2, sse3, ssse3, sse4.1, sse4.2, popcnt, avx, avx2, aes, clmul, erms, rtm, 3dnowpref, lzcnt, ht, tsc, tscinvbit, bmi1, bmi2, adx

Memory: 4k page, physical 33473068k(28151564k free), swap 38453804k(32777208k free)

vm_info: Java HotSpot(TM) 64-Bit Server VM (25.112-b15) for windows-amd64 JRE (1.8.0_112-b15), built on Sep 22 2016 21:31:56 by "java_re" with MS VC++ 10.0 (VS2010)

time: Thu Apr 19 20:21:56 2018
elapsed time: 2766 seconds (0d 0h 46m 6s)

